0 info it worked if it ends with ok
1 verbose cli [ 'C:\\Program Files\\nodejs\\node.exe',
1 verbose cli   'C:\\Users\\drbak\\AppData\\Roaming\\npm\\node_modules\\npm\\bin\\npm-cli.js',
1 verbose cli   'start' ]
2 info using npm@4.0.5
3 info using node@v6.9.2
4 verbose run-script [ 'prestart', 'start', 'poststart' ]
5 info lifecycle roz@0.0.0~prestart: roz@0.0.0
6 silly lifecycle roz@0.0.0~prestart: no script for prestart, continuing
7 info lifecycle roz@0.0.0~start: roz@0.0.0
8 verbose lifecycle roz@0.0.0~start: unsafe-perm in lifecycle true
9 verbose lifecycle roz@0.0.0~start: PATH: C:\Users\drbak\AppData\Roaming\npm\node_modules\npm\bin\node-gyp-bin;B:\Development-B\Roz\node_modules\.bin;C:\tools\ruby22\bin;C:\ProgramData\Oracle\Java\javapath;C:\Program Files (x86)\Common Files\Intel\Shared Libraries\redist\intel64\compiler;C:\Program Files (x86)\Oculus\Support\oculus-runtime;C:\Program Files (x86)\Intel\iCLS Client\;C:\Program Files\Intel\iCLS Client\;C:\Windows\system32;C:\Windows;C:\Windows\System32\Wbem;C:\Windows\System32\WindowsPowerShell\v1.0\;C:\Program Files (x86)\GtkSharp\2.12\bin;C:\Program Files (x86)\NVIDIA Corporation\PhysX\Common;C:\Program Files (x86)\Intel\Intel(R) Management Engine Components\DAL;C:\Program Files\Intel\Intel(R) Management Engine Components\DAL;C:\Program Files (x86)\Intel\Intel(R) Management Engine Components\IPT;C:\Program Files\Intel\Intel(R) Management Engine Components\IPT;C:\Program Files (x86)\QuickTime\QTSystem\;C:\WINDOWS\system32\config\systemprofile\.dnx\bin;C:\Program Files\Microsoft DNX\Dnvm\;C:\Program Files\Microsoft SQL Server\120\Tools\Binn\;C:\Program Files\Microsoft SQL Server\130\Tools\Binn\;C:\Program Files (x86)\Windows Kits\10\Windows Performance Toolkit\;C:\Program Files (x86)\Skype\Phone\;C:\Program Files\Git\cmd;C:\WINDOWS\system32;C:\WINDOWS;C:\WINDOWS\System32\Wbem;C:\WINDOWS\System32\WindowsPowerShell\v1.0\;C:\Program Files (x86)\Heroku\bin;C:\Program Files (x86)\git\cmd;C:\Program Files (x86)\Git\cmd;C:\ProgramData\chocolatey\bin;C:\Program Files\nodejs\;C:\Users\drbak\.dnx\bin;C:\Program Files (x86)\Microsoft VS Code\bin;C:\Program Files\Docker Toolbox;C:\Users\drbak\.babun;C:\Users\drbak\AppData\Local\Microsoft\WindowsApps;C:\Program Files (x86)\Microsoft VS Code Insiders\bin;C:\Users\drbak\AppData\Roaming\npm
10 verbose lifecycle roz@0.0.0~start: CWD: B:\Development-B\Roz
11 silly lifecycle roz@0.0.0~start: Args: [ '/d /s /c',
11 silly lifecycle   'node ./server/server.bundle.js %npm_package_config_watch_folder%' ]
12 silly lifecycle roz@0.0.0~start: Returned: code: 1  signal: null
13 info lifecycle roz@0.0.0~start: Failed to exec start script
14 verbose stack Error: roz@0.0.0 start: `node ./server/server.bundle.js %npm_package_config_watch_folder%`
14 verbose stack Exit status 1
14 verbose stack     at EventEmitter.<anonymous> (C:\Users\drbak\AppData\Roaming\npm\node_modules\npm\lib\utils\lifecycle.js:279:16)
14 verbose stack     at emitTwo (events.js:106:13)
14 verbose stack     at EventEmitter.emit (events.js:191:7)
14 verbose stack     at ChildProcess.<anonymous> (C:\Users\drbak\AppData\Roaming\npm\node_modules\npm\lib\utils\spawn.js:40:14)
14 verbose stack     at emitTwo (events.js:106:13)
14 verbose stack     at ChildProcess.emit (events.js:191:7)
14 verbose stack     at maybeClose (internal/child_process.js:877:16)
14 verbose stack     at Process.ChildProcess._handle.onexit (internal/child_process.js:226:5)
15 verbose pkgid roz@0.0.0
16 verbose cwd B:\Development-B\Roz\server
17 error Windows_NT 10.0.14393
18 error argv "C:\\Program Files\\nodejs\\node.exe" "C:\\Users\\drbak\\AppData\\Roaming\\npm\\node_modules\\npm\\bin\\npm-cli.js" "start"
19 error node v6.9.2
20 error npm  v4.0.5
21 error code ELIFECYCLE
22 error roz@0.0.0 start: `node ./server/server.bundle.js %npm_package_config_watch_folder%`
22 error Exit status 1
23 error Failed at the roz@0.0.0 start script 'node ./server/server.bundle.js %npm_package_config_watch_folder%'.
23 error Make sure you have the latest version of node.js and npm installed.
23 error If you do, this is most likely a problem with the roz package,
23 error not with npm itself.
23 error Tell the author that this fails on your system:
23 error     node ./server/server.bundle.js %npm_package_config_watch_folder%
23 error You can get information on how to open an issue for this project with:
23 error     npm bugs roz
23 error Or if that isn't available, you can get their info via:
23 error     npm owner ls roz
23 error There is likely additional logging output above.
24 verbose exit [ 1, true ]
